<?xml version="1.0" encoding="UTF-8"?>
<coverage generated="1656992644206" clover="3.2.0">
  <project timestamp="1656992644206" name="All files">
    <metrics statements="32" coveredstatements="32" conditionals="6" coveredconditionals="6" methods="8" coveredmethods="8" elements="46" coveredelements="46" complexity="0" loc="32" ncloc="32" packages="1" files="1" classes="1"/>
    <file name="Cpf.ts" path="C:\cursos\cccat7\src\Cpf.ts">
      <metrics statements="32" coveredstatements="32" conditionals="6" coveredconditionals="6" methods="8" coveredmethods="8"/>
      <line num="1" count="1" type="stmt"/>
      <line num="5" count="11" type="cond" truecount="1" falsecount="0"/>
      <line num="6" count="9" type="stmt"/>
      <line num="8" count="2" type="stmt"/>
      <line num="11" count="11" type="stmt"/>
      <line num="12" count="11" type="stmt"/>
      <line num="15" count="11" type="cond" truecount="1" falsecount="0"/>
      <line num="16" count="1" type="stmt"/>
      <line num="18" count="10" type="stmt"/>
      <line num="19" count="10" type="cond" truecount="1" falsecount="0"/>
      <line num="20" count="4" type="stmt"/>
      <line num="22" count="6" type="cond" truecount="1" falsecount="0"/>
      <line num="23" count="2" type="stmt"/>
      <line num="26" count="4" type="stmt"/>
      <line num="27" count="4" type="stmt"/>
      <line num="31" count="4" type="stmt"/>
      <line num="32" count="4" type="stmt"/>
      <line num="36" count="4" type="stmt"/>
      <line num="37" count="4" type="stmt"/>
      <line num="38" count="4" type="stmt"/>
      <line num="42" count="10" type="stmt"/>
      <line num="46" count="10" type="stmt"/>
      <line num="50" count="34" type="stmt"/>
      <line num="54" count="4" type="stmt"/>
      <line num="55" count="4" type="stmt"/>
      <line num="56" count="4" type="stmt"/>
      <line num="57" count="36" type="stmt"/>
      <line num="58" count="36" type="stmt"/>
      <line num="59" count="36" type="stmt"/>
      <line num="61" count="4" type="stmt"/>
      <line num="65" count="8" type="stmt"/>
      <line num="66" count="8" type="cond" truecount="2" falsecount="0"/>
    </file>
  </project>
</coverage>
