{"C:\\cursos\\cccat7\\dist\\src\\utils\\cpf.js": {"path":"C:\\cursos\\cccat7\\dist\\src\\utils\\cpf.js","statementMap":{"0":{"start":{"line":2,"column":0},"end":{"line":2,"column":62}},"1":{"start":{"line":3,"column":0},"end":{"line":3,"column":26}},"2":{"start":{"line":6,"column":4},"end":{"line":60,"column":21}},"3":{"start":{"line":7,"column":8},"end":{"line":57,"column":9}},"4":{"start":{"line":8,"column":12},"end":{"line":56,"column":29}},"5":{"start":{"line":9,"column":16},"end":{"line":13,"column":38}},"6":{"start":{"line":14,"column":16},"end":{"line":53,"column":33}},"7":{"start":{"line":14,"column":46},"end":{"line":14,"column":58}},"8":{"start":{"line":15,"column":20},"end":{"line":50,"column":21}},"9":{"start":{"line":20,"column":24},"end":{"line":20,"column":36}},"10":{"start":{"line":21,"column":24},"end":{"line":21,"column":45}},"11":{"start":{"line":22,"column":24},"end":{"line":32,"column":25}},"12":{"start":{"line":22,"column":42},"end":{"line":22,"column":43}},"13":{"start":{"line":26,"column":28},"end":{"line":26,"column":81}},"14":{"start":{"line":27,"column":28},"end":{"line":28,"column":66}},"15":{"start":{"line":28,"column":32},"end":{"line":28,"column":66}},"16":{"start":{"line":29,"column":28},"end":{"line":29,"column":61}},"17":{"start":{"line":30,"column":28},"end":{"line":30,"column":61}},"18":{"start":{"line":34,"column":24},"end":{"line":34,"column":41}},"19":{"start":{"line":35,"column":24},"end":{"line":35,"column":63}},"20":{"start":{"line":36,"column":24},"end":{"line":36,"column":38}},"21":{"start":{"line":37,"column":24},"end":{"line":37,"column":41}},"22":{"start":{"line":38,"column":24},"end":{"line":41,"column":44}},"23":{"start":{"line":39,"column":28},"end":{"line":39,"column":36}},"24":{"start":{"line":41,"column":28},"end":{"line":41,"column":44}},"25":{"start":{"line":42,"column":42},"end":{"line":42,"column":83}},"26":{"start":{"line":43,"column":24},"end":{"line":43,"column":57}},"27":{"start":{"line":44,"column":24},"end":{"line":44,"column":92}},"28":{"start":{"line":45,"column":24},"end":{"line":45,"column":57}},"29":{"start":{"line":48,"column":24},"end":{"line":48,"column":52}},"30":{"start":{"line":49,"column":24},"end":{"line":49,"column":37}},"31":{"start":{"line":53,"column":20},"end":{"line":53,"column":33}},"32":{"start":{"line":56,"column":16},"end":{"line":56,"column":29}},"33":{"start":{"line":60,"column":8},"end":{"line":60,"column":21}},"34":{"start":{"line":62,"column":0},"end":{"line":62,"column":28}}},"fnMap":{"0":{"name":"validate","decl":{"start":{"line":5,"column":9},"end":{"line":5,"column":17}},"loc":{"start":{"line":5,"column":23},"end":{"line":61,"column":1}},"line":5},"1":{"name":"(anonymous_1)","decl":{"start":{"line":14,"column":41},"end":{"line":14,"column":42}},"loc":{"start":{"line":14,"column":46},"end":{"line":14,"column":58}},"line":14}},"branchMap":{"0":{"loc":{"start":{"line":6,"column":4},"end":{"line":60,"column":21}},"type":"if","locations":[{"start":{"line":6,"column":4},"end":{"line":60,"column":21}},{"start":{"line":60,"column":8},"end":{"line":60,"column":21}}],"line":6},"1":{"loc":{"start":{"line":7,"column":8},"end":{"line":57,"column":9}},"type":"if","locations":[{"start":{"line":7,"column":8},"end":{"line":57,"column":9}},{"start":{},"end":{}}],"line":7},"2":{"loc":{"start":{"line":8,"column":12},"end":{"line":56,"column":29}},"type":"if","locations":[{"start":{"line":8,"column":12},"end":{"line":56,"column":29}},{"start":{"line":56,"column":16},"end":{"line":56,"column":29}}],"line":8},"3":{"loc":{"start":{"line":8,"column":16},"end":{"line":8,"column":52}},"type":"binary-expr","locations":[{"start":{"line":8,"column":16},"end":{"line":8,"column":32}},{"start":{"line":8,"column":36},"end":{"line":8,"column":52}}],"line":8},"4":{"loc":{"start":{"line":14,"column":16},"end":{"line":53,"column":33}},"type":"if","locations":[{"start":{"line":14,"column":16},"end":{"line":53,"column":33}},{"start":{"line":53,"column":20},"end":{"line":53,"column":33}}],"line":14},"5":{"loc":{"start":{"line":27,"column":28},"end":{"line":28,"column":66}},"type":"if","locations":[{"start":{"line":27,"column":28},"end":{"line":28,"column":66}},{"start":{},"end":{}}],"line":27},"6":{"loc":{"start":{"line":35,"column":30},"end":{"line":35,"column":62}},"type":"cond-expr","locations":[{"start":{"line":35,"column":43},"end":{"line":35,"column":50}},{"start":{"line":35,"column":53},"end":{"line":35,"column":62}}],"line":35},"7":{"loc":{"start":{"line":38,"column":24},"end":{"line":41,"column":44}},"type":"if","locations":[{"start":{"line":38,"column":24},"end":{"line":41,"column":44}},{"start":{"line":41,"column":28},"end":{"line":41,"column":44}}],"line":38}},"s":{"0":1,"1":1,"2":10,"3":9,"4":8,"5":6,"6":6,"7":25,"8":5,"9":5,"10":5,"11":5,"12":5,"13":37,"14":37,"15":1,"16":36,"17":36,"18":4,"19":4,"20":4,"21":4,"22":4,"23":1,"24":3,"25":4,"26":4,"27":4,"28":4,"29":1,"30":1,"31":1,"32":2,"33":1,"34":1},"f":{"0":10,"1":25},"b":{"0":[9,1],"1":[8,1],"2":[6,2],"3":[8,7],"4":[5,1],"5":[1,36],"6":[1,3],"7":[1,3]},"inputSourceMap":null,"_coverageSchema":"1a1c01bbd47fc00a2c39e90264f33305004495a9","hash":"26d5c65f8556b38d71be2e97ad4c148d2171854e"}
}
