{"C:\\cursos\\cccat7\\src\\Cpf.ts": {"path":"C:\\cursos\\cccat7\\src\\Cpf.ts","statementMap":{"0":{"start":{"line":11,"column":2},"end":{"line":11,"column":18}},"1":{"start":{"line":12,"column":2},"end":{"line":12,"column":26}},"2":{"start":{"line":5,"column":4},"end":{"line":7,"column":null}},"3":{"start":{"line":6,"column":6},"end":{"line":6,"column":37}},"4":{"start":{"line":8,"column":4},"end":{"line":8,"column":23}},"5":{"start":{"line":15,"column":4},"end":{"line":17,"column":null}},"6":{"start":{"line":16,"column":6},"end":{"line":16,"column":19}},"7":{"start":{"line":18,"column":4},"end":{"line":18,"column":36}},"8":{"start":{"line":19,"column":4},"end":{"line":21,"column":null}},"9":{"start":{"line":20,"column":6},"end":{"line":20,"column":19}},"10":{"start":{"line":22,"column":4},"end":{"line":24,"column":null}},"11":{"start":{"line":23,"column":6},"end":{"line":23,"column":19}},"12":{"start":{"line":26,"column":6},"end":{"line":26,"column":59}},"13":{"start":{"line":27,"column":28},"end":{"line":29,"column":null}},"14":{"start":{"line":31,"column":4},"end":{"line":31,"column":52}},"15":{"start":{"line":32,"column":29},"end":{"line":34,"column":null}},"16":{"start":{"line":36,"column":22},"end":{"line":36,"column":63}},"17":{"start":{"line":37,"column":31},"end":{"line":37,"column":74}},"18":{"start":{"line":38,"column":4},"end":{"line":38,"column":47}},"19":{"start":{"line":42,"column":4},"end":{"line":42,"column":34}},"20":{"start":{"line":46,"column":4},"end":{"line":46,"column":42}},"21":{"start":{"line":50,"column":4},"end":{"line":50,"column":58}},"22":{"start":{"line":50,"column":40},"end":{"line":50,"column":56}},"23":{"start":{"line":54,"column":32},"end":{"line":54,"column":33}},"24":{"start":{"line":55,"column":33},"end":{"line":55,"column":34}},"25":{"start":{"line":56,"column":4},"end":{"line":60,"column":null}},"26":{"start":{"line":56,"column":26},"end":{"line":56,"column":27}},"27":{"start":{"line":57,"column":20},"end":{"line":57,"column":71}},"28":{"start":{"line":58,"column":6},"end":{"line":58,"column":68}},"29":{"start":{"line":59,"column":6},"end":{"line":59,"column":73}},"30":{"start":{"line":61,"column":4},"end":{"line":61,"column":61}},"31":{"start":{"line":65,"column":25},"end":{"line":65,"column":57}},"32":{"start":{"line":66,"column":4},"end":{"line":68,"column":39}},"33":{"start":{"line":1,"column":0},"end":{"line":1,"column":13}}},"fnMap":{"0":{"name":"(anonymous_0)","decl":{"start":{"line":4,"column":2},"end":{"line":4,"column":14}},"loc":{"start":{"line":4,"column":27},"end":{"line":9,"column":3}}},"1":{"name":"(anonymous_1)","decl":{"start":{"line":14,"column":2},"end":{"line":14,"column":10}},"loc":{"start":{"line":14,"column":22},"end":{"line":39,"column":3}}},"2":{"name":"(anonymous_2)","decl":{"start":{"line":41,"column":2},"end":{"line":41,"column":17}},"loc":{"start":{"line":41,"column":29},"end":{"line":43,"column":3}}},"3":{"name":"(anonymous_3)","decl":{"start":{"line":45,"column":2},"end":{"line":45,"column":15}},"loc":{"start":{"line":45,"column":27},"end":{"line":47,"column":3}}},"4":{"name":"(anonymous_4)","decl":{"start":{"line":49,"column":2},"end":{"line":49,"column":14}},"loc":{"start":{"line":49,"column":26},"end":{"line":51,"column":3}}},"5":{"name":"(anonymous_5)","decl":{"start":{"line":50,"column":31},"end":{"line":50,"column":36}},"loc":{"start":{"line":50,"column":40},"end":{"line":50,"column":56}}},"6":{"name":"(anonymous_6)","decl":{"start":{"line":53,"column":2},"end":{"line":53,"column":28}},"loc":{"start":{"line":53,"column":63},"end":{"line":62,"column":3}}},"7":{"name":"(anonymous_7)","decl":{"start":{"line":64,"column":2},"end":{"line":64,"column":23}},"loc":{"start":{"line":64,"column":71},"end":{"line":69,"column":3}}}},"branchMap":{"0":{"loc":{"start":{"line":5,"column":4},"end":{"line":7,"column":null}},"type":"if","locations":[{"start":{"line":5,"column":4},"end":{"line":7,"column":null}}]},"1":{"loc":{"start":{"line":15,"column":4},"end":{"line":17,"column":null}},"type":"if","locations":[{"start":{"line":15,"column":4},"end":{"line":17,"column":null}}]},"2":{"loc":{"start":{"line":19,"column":4},"end":{"line":21,"column":null}},"type":"if","locations":[{"start":{"line":19,"column":4},"end":{"line":21,"column":null}}]},"3":{"loc":{"start":{"line":22,"column":4},"end":{"line":24,"column":null}},"type":"if","locations":[{"start":{"line":22,"column":4},"end":{"line":24,"column":null}}]},"4":{"loc":{"start":{"line":66,"column":11},"end":{"line":68,"column":38}},"type":"cond-expr","locations":[{"start":{"line":67,"column":8},"end":{"line":67,"column":9}},{"start":{"line":68,"column":8},"end":{"line":68,"column":38}}]}},"s":{"0":11,"1":11,"2":11,"3":9,"4":2,"5":11,"6":1,"7":10,"8":10,"9":4,"10":6,"11":2,"12":4,"13":4,"14":4,"15":4,"16":4,"17":4,"18":4,"19":10,"20":10,"21":6,"22":34,"23":4,"24":4,"25":4,"26":4,"27":36,"28":36,"29":36,"30":4,"31":8,"32":8,"33":1},"f":{"0":11,"1":11,"2":10,"3":10,"4":6,"5":34,"6":4,"7":8},"b":{"0":[9],"1":[1],"2":[4],"3":[2],"4":[2,6]}}
}
