TN:
SF:src\Cpf.ts
FN:4,(anonymous_0)
FN:14,(anonymous_1)
FN:41,(anonymous_2)
FN:45,(anonymous_3)
FN:49,(anonymous_4)
FN:50,(anonymous_5)
FN:53,(anonymous_6)
FN:64,(anonymous_7)
FNF:8
FNH:8
FNDA:11,(anonymous_0)
FNDA:11,(anonymous_1)
FNDA:10,(anonymous_2)
FNDA:10,(anonymous_3)
FNDA:6,(anonymous_4)
FNDA:34,(anonymous_5)
FNDA:4,(anonymous_6)
FNDA:8,(anonymous_7)
DA:1,1
DA:5,11
DA:6,9
DA:8,2
DA:11,11
DA:12,11
DA:15,11
DA:16,1
DA:18,10
DA:19,10
DA:20,4
DA:22,6
DA:23,2
DA:26,4
DA:27,4
DA:31,4
DA:32,4
DA:36,4
DA:37,4
DA:38,4
DA:42,10
DA:46,10
DA:50,34
DA:54,4
DA:55,4
DA:56,4
DA:57,36
DA:58,36
DA:59,36
DA:61,4
DA:65,8
DA:66,8
LF:32
LH:32
BRDA:5,0,0,9
BRDA:15,1,0,1
BRDA:19,2,0,4
BRDA:22,3,0,2
BRDA:66,4,0,2
BRDA:66,4,1,6
BRF:6
BRH:6
end_of_record
