TN:
SF:dist\src\utils\cpf.js
FN:5,validate
FN:14,(anonymous_1)
FNF:2
FNH:2
FNDA:10,validate
FNDA:25,(anonymous_1)
DA:2,1
DA:3,1
DA:6,10
DA:7,9
DA:8,8
DA:9,6
DA:14,25
DA:15,5
DA:20,5
DA:21,5
DA:22,5
DA:26,37
DA:27,37
DA:28,1
DA:29,36
DA:30,36
DA:34,4
DA:35,4
DA:36,4
DA:37,4
DA:38,4
DA:39,1
DA:41,3
DA:42,4
DA:43,4
DA:44,4
DA:45,4
DA:48,1
DA:49,1
DA:53,1
DA:56,2
DA:60,1
DA:62,1
LF:33
LH:33
BRDA:6,0,0,9
BRDA:6,0,1,1
BRDA:7,1,0,8
BRDA:7,1,1,1
BRDA:8,2,0,6
BRDA:8,2,1,2
BRDA:8,3,0,8
BRDA:8,3,1,7
BRDA:14,4,0,5
BRDA:14,4,1,1
BRDA:27,5,0,1
BRDA:27,5,1,36
BRDA:35,6,0,1
BRDA:35,6,1,3
BRDA:38,7,0,1
BRDA:38,7,1,3
BRF:16
BRH:16
end_of_record
